Start testing: Jul 18 12:01 UTC
----------------------------------------------------------
1/1 Testing: test_ip
1/1 Test: test_ip
Command: "/home/runner/work/otus_course_homework_3/otus_course_homework_3/test/test_ip"
Directory: /home/runner/work/otus_course_homework_3/otus_course_homework_3/test
"test_ip" start time: Jul 18 12:01 UTC
Output:
----------------------------------------------------------
Running 1 test case...
Checking char -1 to 255
255
Checking short 0 to 0.0
0.0
Checking int 2130706433 to 127.0.0.1
127.0.0.1
Checking long 8875824491850138409 to 123.45.67.89.101.112.131.41
123.45.67.89.101.112.131.41
Checking string Hello, World!
Hello, World!
Checking vector {100, 200, 300, 400}
100.200.300.400
Checking ist {400, 300, 200, 100}
400.300.200.100

[1;32;49m*** No errors detected
[0;39;49m
<end of output>
Test time =   0.00 sec
----------------------------------------------------------
Test Passed.
"test_ip" end time: Jul 18 12:01 UTC
"test_ip" time elapsed: 00:00:00
----------------------------------------------------------

End testing: Jul 18 12:01 UTC
